<?xml version="1.0" encoding="UTF-8"?>
<testsuite xmlns:xsi="http://www.w3.org/2001/XMLSchema-instance" xsi:noNamespaceSchemaLocation="https://maven.apache.org/surefire/maven-surefire-plugin/xsd/surefire-test-report-3.0.xsd" version="3.0" name="com.neighborhood_manager.UpdateServiceTest" time="2.479" tests="3" errors="0" skipped="0" failures="0">
  <properties>
[...]
</properties>
  <testcase name="checkForUpdate_neJamaisPlanterSiServeurInjoignable" classname="com.neighborhood_manager.UpdateServiceTest" time="2.468"/>
  <testcase name="getCurrentVersion_retourneVersionNonNulle" classname="com.neighborhood_manager.UpdateServiceTest" time="0.003"/>
  <testcase name="getCurrentVersion_retourneValeurNumerique" classname="com.neighborhood_manager.UpdateServiceTest" time="0.004"/>
</testsuite>